[ERROR] [1763436394.055632393] [piper_ctrl_single_node]: can0 is loss
[ERROR] [1763436394.055844557] [piper_ctrl_single_node]: exit...
Exception in thread Thread-4 (publish_thread):
Traceback (most recent call last):
  File "/usr/lib/python3.10/threading.py", line 1016, in _bootstrap_inner
    self.run()
  File "/usr/lib/python3.10/threading.py", line 953, in run
    self._target(*self._args, **self._kwargs)
  File "/home/data/Project/piper_ros/install/piper/lib/python3.10/site-packages/piper/piper_ctrl_single_node.py", line 135, in publish_thread
    rate.sleep()
  File "/opt/ros/humble/local/lib/python3.10/dist-packages/rclpy/timer.py", line 141, in sleep
    self._presleep()
  File "/opt/ros/humble/local/lib/python3.10/dist-packages/rclpy/timer.py", line 116, in _presleep
    raise ROSInterruptException()
rclpy.exceptions.ROSInterruptException: rclpy.shutdown() has been called
Traceback (most recent call last):
  File "/home/data/Project/piper_ros/install/piper/lib/piper/piper_single_ctrl", line 33, in <module>
    sys.exit(load_entry_point('piper==0.0.0', 'console_scripts', 'piper_single_ctrl')())
  File "/home/data/Project/piper_ros/install/piper/lib/python3.10/site-packages/piper/piper_ctrl_single_node.py", line 434, in main
    rclpy.shutdown()
  File "/opt/ros/humble/local/lib/python3.10/dist-packages/rclpy/__init__.py", line 130, in shutdown
    _shutdown(context=context)
  File "/opt/ros/humble/local/lib/python3.10/dist-packages/rclpy/utilities.py", line 58, in shutdown
    return context.shutdown()
  File "/opt/ros/humble/local/lib/python3.10/dist-packages/rclpy/context.py", line 100, in shutdown
    raise RuntimeError('Context must be initialized before it can be shutdown')
RuntimeError: Context must be initialized before it can be shutdown
[ros2run]: Process exited with failure 1
